{
  "RSpec": {
    "coverage": {
      "/Users/maxstrivens/Documents/Programming/Projects/Ruby/makers_learning/week_4/diary_app/spec/diary_spec.rb": {
        "lines": [
          1,
          null,
          1,
          null,
          1,
          1,
          1,
          1,
          1,
          1,
          null,
          null,
          null,
          null,
          1,
          1,
          1,
          1,
          1,
          null,
          null,
          null,
          1,
          1,
          1,
          1,
          1,
          null,
          null,
          null
        ]
      },
      "/Users/maxstrivens/Documents/Programming/Projects/Ruby/makers_learning/week_4/diary_app/spec/features/feature_spec.rb": {
        "lines": [
          1,
          1,
          null,
          1,
          1,
          1,
          1,
          null,
          null,
          null,
          1,
          1,
          1,
          1,
          null,
          null,
          null,
          1,
          1,
          1,
          1,
          null,
          null
        ]
      }
    },
    "timestamp": 1616674630
  }
}
